<?xml version="1.0" encoding="UTF-8"?>
<!-- Generated by org.testng.reporters.JUnitReportReporter -->
<testsuite hostname="LAPTOP-2RBQPG8G" failures="0" tests="1" name="com.sauceDemo.TestPackage.TC01_VerifyLoginFunctionality" time="11.971" errors="0" timestamp="2022-11-05T13:31:52 IST" skipped="0">
  <testcase classname="com.sauceDemo.TestPackage.TC01_VerifyLoginFunctionality" name="TC_01VerifyLoginFunctionality" time="11.971"/>
  <system-out/>
</testsuite> <!-- com.sauceDemo.TestPackage.TC01_VerifyLoginFunctionality -->
